{"/home/leoadamo/Development/studies/06-tests-in-js/01-project-one/src/lib/calculator.js": {"path":"/home/leoadamo/Development/studies/06-tests-in-js/01-project-one/src/lib/calculator.js","statementMap":{"0":{"start":{"line":8,"column":12},"end":{"line":17,"column":1}},"1":{"start":{"line":9,"column":15},"end":{"line":9,"column":29}},"2":{"start":{"line":10,"column":15},"end":{"line":10,"column":29}},"3":{"start":{"line":12,"column":2},"end":{"line":14,"column":3}},"4":{"start":{"line":13,"column":4},"end":{"line":13,"column":67}},"5":{"start":{"line":16,"column":2},"end":{"line":16,"column":23}},"6":{"start":{"line":19,"column":0},"end":{"line":19,"column":25}}},"fnMap":{"0":{"name":"(anonymous_0)","decl":{"start":{"line":8,"column":12},"end":{"line":8,"column":13}},"loc":{"start":{"line":8,"column":28},"end":{"line":17,"column":1}},"line":8}},"branchMap":{"0":{"loc":{"start":{"line":12,"column":2},"end":{"line":14,"column":3}},"type":"if","locations":[{"start":{"line":12,"column":2},"end":{"line":14,"column":3}},{"start":{},"end":{}}],"line":12},"1":{"loc":{"start":{"line":12,"column":6},"end":{"line":12,"column":32}},"type":"binary-expr","locations":[{"start":{"line":12,"column":6},"end":{"line":12,"column":17}},{"start":{"line":12,"column":21},"end":{"line":12,"column":32}}],"line":12}},"s":{"0":1,"1":6,"2":6,"3":6,"4":4,"5":2,"6":1},"f":{"0":6},"b":{"0":[4,2],"1":[6,3]},"_coverageSchema":"1a1c01bbd47fc00a2c39e90264f33305004495a9","hash":"d597921596824b8dae345a2f6649364508fc951a"}
,"/home/leoadamo/Development/studies/06-tests-in-js/01-project-one/src/lib/queryString.js": {"path":"/home/leoadamo/Development/studies/06-tests-in-js/01-project-one/src/lib/queryString.js","statementMap":{"0":{"start":{"line":8,"column":25},"end":{"line":16,"column":1}},"1":{"start":{"line":9,"column":2},"end":{"line":13,"column":3}},"2":{"start":{"line":10,"column":4},"end":{"line":12,"column":6}},"3":{"start":{"line":15,"column":2},"end":{"line":15,"column":27}},"4":{"start":{"line":24,"column":27},"end":{"line":25,"column":61}},"5":{"start":{"line":25,"column":2},"end":{"line":25,"column":61}},"6":{"start":{"line":33,"column":28},"end":{"line":34,"column":59}},"7":{"start":{"line":34,"column":2},"end":{"line":34,"column":59}},"8":{"start":{"line":42,"column":28},"end":{"line":61,"column":1}},"9":{"start":{"line":43,"column":2},"end":{"line":45,"column":3}},"10":{"start":{"line":44,"column":4},"end":{"line":44,"column":77}},"11":{"start":{"line":47,"column":2},"end":{"line":60,"column":4}},"12":{"start":{"line":52,"column":27},"end":{"line":52,"column":43}},"13":{"start":{"line":54,"column":8},"end":{"line":56,"column":9}},"14":{"start":{"line":55,"column":10},"end":{"line":55,"column":35}},"15":{"start":{"line":58,"column":8},"end":{"line":58,"column":28}},"16":{"start":{"line":63,"column":0},"end":{"line":66,"column":2}}},"fnMap":{"0":{"name":"(anonymous_0)","decl":{"start":{"line":8,"column":25},"end":{"line":8,"column":26}},"loc":{"start":{"line":8,"column":43},"end":{"line":16,"column":1}},"line":8},"1":{"name":"(anonymous_1)","decl":{"start":{"line":24,"column":27},"end":{"line":24,"column":28}},"loc":{"start":{"line":25,"column":2},"end":{"line":25,"column":61}},"line":25},"2":{"name":"(anonymous_2)","decl":{"start":{"line":33,"column":28},"end":{"line":33,"column":29}},"loc":{"start":{"line":34,"column":2},"end":{"line":34,"column":59}},"line":34},"3":{"name":"(anonymous_3)","decl":{"start":{"line":42,"column":28},"end":{"line":42,"column":29}},"loc":{"start":{"line":42,"column":36},"end":{"line":61,"column":1}},"line":42},"4":{"name":"(anonymous_4)","decl":{"start":{"line":51,"column":11},"end":{"line":51,"column":12}},"loc":{"start":{"line":51,"column":22},"end":{"line":59,"column":7}},"line":51}},"branchMap":{"0":{"loc":{"start":{"line":9,"column":2},"end":{"line":13,"column":3}},"type":"if","locations":[{"start":{"line":9,"column":2},"end":{"line":13,"column":3}},{"start":{},"end":{}}],"line":9},"1":{"loc":{"start":{"line":9,"column":6},"end":{"line":9,"column":56}},"type":"binary-expr","locations":[{"start":{"line":9,"column":6},"end":{"line":9,"column":31}},{"start":{"line":9,"column":35},"end":{"line":9,"column":56}}],"line":9},"2":{"loc":{"start":{"line":43,"column":2},"end":{"line":45,"column":3}},"type":"if","locations":[{"start":{"line":43,"column":2},"end":{"line":45,"column":3}},{"start":{},"end":{}}],"line":43},"3":{"loc":{"start":{"line":54,"column":8},"end":{"line":56,"column":9}},"type":"if","locations":[{"start":{"line":54,"column":8},"end":{"line":56,"column":9}},{"start":{},"end":{}}],"line":54}},"s":{"0":1,"1":8,"2":1,"3":7,"4":1,"5":4,"6":1,"7":3,"8":1,"9":4,"10":1,"11":3,"12":5,"13":5,"14":1,"15":5,"16":1},"f":{"0":8,"1":4,"2":3,"3":4,"4":5},"b":{"0":[1,7],"1":[8,2],"2":[1,3],"3":[1,4]},"_coverageSchema":"1a1c01bbd47fc00a2c39e90264f33305004495a9","hash":"c7d3e6adf5a2344289433fd9b756271e745e7b37"}
}
