TN:
SF:src/lib/calculator.js
FN:8,(anonymous_0)
FNF:1
FNH:1
FNDA:6,(anonymous_0)
DA:8,1
DA:9,6
DA:10,6
DA:12,6
DA:13,4
DA:16,2
DA:19,1
LF:7
LH:7
BRDA:12,0,0,4
BRDA:12,0,1,2
BRDA:12,1,0,6
BRDA:12,1,1,3
BRF:4
BRH:4
end_of_record
TN:
SF:src/lib/queryString.js
FN:8,(anonymous_0)
FN:24,(anonymous_1)
FN:33,(anonymous_2)
FN:42,(anonymous_3)
FN:51,(anonymous_4)
FNF:5
FNH:5
FNDA:8,(anonymous_0)
FNDA:4,(anonymous_1)
FNDA:3,(anonymous_2)
FNDA:4,(anonymous_3)
FNDA:5,(anonymous_4)
DA:8,1
DA:9,8
DA:10,1
DA:15,7
DA:24,1
DA:25,4
DA:33,1
DA:34,3
DA:42,1
DA:43,4
DA:44,1
DA:47,3
DA:52,5
DA:54,5
DA:55,1
DA:58,5
DA:63,1
LF:17
LH:17
BRDA:9,0,0,1
BRDA:9,0,1,7
BRDA:9,1,0,8
BRDA:9,1,1,2
BRDA:43,2,0,1
BRDA:43,2,1,3
BRDA:54,3,0,1
BRDA:54,3,1,4
BRF:8
BRH:8
end_of_record
